<?xml version="1.0" encoding="UTF-8"?>
<!-- Generated by org.testng.reporters.JUnitXMLReporter -->
<testsuite ignored="0" hostname="Mamta" failures="1" tests="4" name="Test" time="0.089" errors="0" timestamp="2023-02-09T10:43:42 EST">
  <testcase classname="testng1.Test2" name="Test21" time="0.017">
    <failure type="java.lang.AssertionError" message="expected [true] but found [false]">
      <![CDATA[java.lang.AssertionError: expected [true] but found [false]
at testng1.Test2.Test21(Test2.java:18)
at java.base/java.util.ArrayList.forEach(ArrayList.java:1511)
... Removed 31 stack frames]]>
    </failure>
  </testcase> <!-- Test21 -->
  <testcase classname="testng1.Test2" name="Test22" time="0.002"/>
  <testcase classname="testng1.Test1" name="Test11" time="0.001"/>
  <testcase classname="testng1.Test1" name="Test12" time="0.003"/>
</testsuite> <!-- Test -->
